0 info it worked if it ends with ok
1 verbose cli [ 'C:\\nodejs\\node.exe',
1 verbose cli   'C:\\nodejs\\node_modules\\npm\\bin\\npm-cli.js',
1 verbose cli   'start' ]
2 info using npm@3.10.10
3 info using node@v6.11.2
4 verbose run-script [ 'prestart', 'start', 'poststart' ]
5 info lifecycle learningapp@0.0.0~prestart: learningapp@0.0.0
6 silly lifecycle learningapp@0.0.0~prestart: no script for prestart, continuing
7 info lifecycle learningapp@0.0.0~start: learningapp@0.0.0
8 verbose lifecycle learningapp@0.0.0~start: unsafe-perm in lifecycle true
9 verbose lifecycle learningapp@0.0.0~start: PATH: C:\nodejs\node_modules\npm\bin\node-gyp-bin;D:\NodeMongoApp\node_modules\.bin;C:\ProgramData\Oracle\Java\javapath;C:\Windows\system32;C:\Windows;C:\Windows\System32\Wbem;C:\Windows\System32\WindowsPowerShell\v1.0\;c:\jdk1.7\bin;c:\windows;C:\Program Files\Microsoft\Web Platform Installer\;C:\Brackets\command;c:\Notepad++;C:\Program Files (x86)\Skype\Phone\;C:\Windows\SysWOW64;E:\GIDDH\pg96\bin;C:\Program Files\Java\jdk1.8.0_144;C:\PostgreSQL\pg96\bin;E:\GIDDH\setups for giddh\apache-maven-3.5.0-bin (1)\apache-maven-3.5.0\bin;E:\GIDDH\setups for giddh\memcached-win64-1.4.4-14\memcached;E:\GIDDH\setups for giddh\redis-latest;C:\nodejs\;C:\Git\cmd;C:\Program Files\PuTTY\;C:\Users\Devansh\AppData\Roaming\npm;C:\nodejs;C:\Users\Devansh\AppData\Roaming\npm\node_modules\express\lib;C:\Heroku\bin;C:\Sublime Text 2
10 verbose lifecycle learningapp@0.0.0~start: CWD: D:\NodeMongoApp
11 silly lifecycle learningapp@0.0.0~start: Args: [ '/d /s /c', 'node ./bin/www' ]
12 silly lifecycle learningapp@0.0.0~start: Returned: code: 1  signal: null
13 info lifecycle learningapp@0.0.0~start: Failed to exec start script
14 verbose stack Error: learningapp@0.0.0 start: `node ./bin/www`
14 verbose stack Exit status 1
14 verbose stack     at EventEmitter.<anonymous> (C:\nodejs\node_modules\npm\lib\utils\lifecycle.js:255:16)
14 verbose stack     at emitTwo (events.js:106:13)
14 verbose stack     at EventEmitter.emit (events.js:191:7)
14 verbose stack     at ChildProcess.<anonymous> (C:\nodejs\node_modules\npm\lib\utils\spawn.js:40:14)
14 verbose stack     at emitTwo (events.js:106:13)
14 verbose stack     at ChildProcess.emit (events.js:191:7)
14 verbose stack     at maybeClose (internal/child_process.js:891:16)
14 verbose stack     at Process.ChildProcess._handle.onexit (internal/child_process.js:226:5)
15 verbose pkgid learningapp@0.0.0
16 verbose cwd D:\NodeMongoApp
17 error Windows_NT 6.3.9600
18 error argv "C:\\nodejs\\node.exe" "C:\\nodejs\\node_modules\\npm\\bin\\npm-cli.js" "start"
19 error node v6.11.2
20 error npm  v3.10.10
21 error code ELIFECYCLE
22 error learningapp@0.0.0 start: `node ./bin/www`
22 error Exit status 1
23 error Failed at the learningapp@0.0.0 start script 'node ./bin/www'.
23 error Make sure you have the latest version of node.js and npm installed.
23 error If you do, this is most likely a problem with the learningapp package,
23 error not with npm itself.
23 error Tell the author that this fails on your system:
23 error     node ./bin/www
23 error You can get information on how to open an issue for this project with:
23 error     npm bugs learningapp
23 error Or if that isn't available, you can get their info via:
23 error     npm owner ls learningapp
23 error There is likely additional logging output above.
24 verbose exit [ 1, true ]
